Determining if the pthread_create exist failed with the following output:
Change Dir: /home/xsh/projs/git/signal_pro/webrtc_aec3/base/build/CMakeFiles/CMakeTmp

Run Build Command:"/usr/bin/make" "cmTC_b1a27/fast"
/usr/bin/make -f CMakeFiles/cmTC_b1a27.dir/build.make CMakeFiles/cmTC_b1a27.dir/build
make[1]: Entering directory '/home/xsh/projs/git/signal_pro/webrtc_aec3/base/build/CMakeFiles/CMakeTmp'
Building C object CMakeFiles/cmTC_b1a27.dir/CheckSymbolExists.c.o
/usr/bin/cc    -o CMakeFiles/cmTC_b1a27.dir/CheckSymbolExists.c.o   -c /home/xsh/projs/git/signal_pro/webrtc_aec3/base/build/CMakeFiles/CMakeTmp/CheckSymbolExists.c
Linking C executable cmTC_b1a27
/usr/bin/cmake -E cmake_link_script CMakeFiles/cmTC_b1a27.dir/link.txt --verbose=1
/usr/bin/cc      CMakeFiles/cmTC_b1a27.dir/CheckSymbolExists.c.o  -o cmTC_b1a27 
CMakeFiles/cmTC_b1a27.dir/CheckSymbolExists.c.o: In function `main':
CheckSymbolExists.c:(.text+0x1b): undefined reference to `pthread_create'
collect2: error: ld returned 1 exit status
CMakeFiles/cmTC_b1a27.dir/build.make:97: recipe for target 'cmTC_b1a27' failed
make[1]: *** [cmTC_b1a27] Error 1
make[1]: Leaving directory '/home/xsh/projs/git/signal_pro/webrtc_aec3/base/build/CMakeFiles/CMakeTmp'
Makefile:126: recipe for target 'cmTC_b1a27/fast' failed
make: *** [cmTC_b1a27/fast] Error 2

File /home/xsh/projs/git/signal_pro/webrtc_aec3/base/build/CMakeFiles/CMakeTmp/CheckSymbolExists.c:
/* */
#include <pthread.h>

int main(int argc, char** argv)
{
  (void)argv;
#ifndef pthread_create
  return ((int*)(&pthread_create))[argc];
#else
  (void)argc;
  return 0;
#endif
}

Determining if the function pthread_create exists in the pthreads failed with the following output:
Change Dir: /home/xsh/projs/git/signal_pro/webrtc_aec3/base/build/CMakeFiles/CMakeTmp

Run Build Command:"/usr/bin/make" "cmTC_7bb89/fast"
/usr/bin/make -f CMakeFiles/cmTC_7bb89.dir/build.make CMakeFiles/cmTC_7bb89.dir/build
make[1]: Entering directory '/home/xsh/projs/git/signal_pro/webrtc_aec3/base/build/CMakeFiles/CMakeTmp'
Building C object CMakeFiles/cmTC_7bb89.dir/CheckFunctionExists.c.o
/usr/bin/cc   -DCHECK_FUNCTION_EXISTS=pthread_create   -o CMakeFiles/cmTC_7bb89.dir/CheckFunctionExists.c.o   -c /usr/share/cmake-3.10/Modules/CheckFunctionExists.c
Linking C executable cmTC_7bb89
/usr/bin/cmake -E cmake_link_script CMakeFiles/cmTC_7bb89.dir/link.txt --verbose=1
/usr/bin/cc  -DCHECK_FUNCTION_EXISTS=pthread_create    CMakeFiles/cmTC_7bb89.dir/CheckFunctionExists.c.o  -o cmTC_7bb89 -lpthreads 
/usr/bin/ld: cannot find -lpthreads
collect2: error: ld returned 1 exit status
CMakeFiles/cmTC_7bb89.dir/build.make:97: recipe for target 'cmTC_7bb89' failed
make[1]: *** [cmTC_7bb89] Error 1
make[1]: Leaving directory '/home/xsh/projs/git/signal_pro/webrtc_aec3/base/build/CMakeFiles/CMakeTmp'
Makefile:126: recipe for target 'cmTC_7bb89/fast' failed
make: *** [cmTC_7bb89/fast] Error 2


